This is a question:Adam
123123:Hello
4178242:Uf938u1
Gu7ae89g:849214
123:123
3:3
3:3
123:123
123:123
3:3
123:123
321:
321:321
3:3
432:432
33:333
3:3
What are you currently worried about?:Someone
Do you think that aliens exist?:Anyone
What social stigma does society need to get over?:Everyone
:Noone
What weird food combinations do you really enjoy?:Noone
:444
Just testing the feature:Hello
It also works here!:Hello
What is the meaning of life, universe and everything?:Hello world!
3:3
3:3
3:3
3:3
3:3
3:3
3:3
3:3
:
:
3:3
3:3
3:3
:
3:3
:3
:
:
:
1:1
2:2
3:3
4:4
5:5
What’s the meaning of life:Someone
